-999
-995
-994
-991
-986
-985
-984
-984
-979
-978
-978
-975
-975
-967
-966
-965
-960
-942
-934
-930
-930
-929
-929
-924
-924
-915
-915
-914
-911
-911
-910
-907
-904
-903
-903
-902
-901
-900
-900
-898
-897
-895
-895
-894
-892
-890
-887
-887
-886
-877
-876
-874
-874
-871
-871
-871
-870
-865
-863
-858
-858
-857
-853
-851
-843
-843
-842
-842
-838
-841
-839
-832
-839
-841
-835
-834
-832
-796
-791
-806
-793
-825
-791
-824
-800
-820
-814
-802
-801
-785
-825
-804
-796
-815
-818
-825
-801
-785
-798
-795
-798
-788
-815
-781
-805
-801
-779
-780
-779
-779
-567
-540
-337
-112
-233
-586
-176
-451
-180
-110
-695
-583
-330
-423
-305
-131
-664
-259
-109
-295
-277
-690
-287
-127
-730
-233
-467
-351
-271
-165
-427
-233
-220
-561
-510
-732
-138
-379
-698
-314
-658
-208
-558
-341
-213
-379
-341
-296
-418
-322
-290
-293
-723
-449
-621
-775
-335
-735
-386
-757
-411
-205
-506
-188
-323
-653
-331
-567
-497
-305
-613
-411
-331
-680
-678
-577
-528
-695
-250
-285
-129
-203
-266
-285
-242
-400
-628
-276
-600
-610
-717
-744
-403
-731
-298
-139
-332
-438
-459
-202
-259
-507
-199
-226
-274
-496
-247
-439
-420
-247
-574
-494
-358
-318
-508
-522
-111
-572
-538
-356
-209
-748
-621
-330
-517
-734
-212
-643
-236
-452
-281
-112
-385
-131
-356
-259
-712
-347
-614
-632
-469
-518
-607
-140
-534
-778
-628
-401
-188
-170
-741
-530
-366
-428
-645
-532
-406
-182
-492
-193
-140
-373
-391
-718
-578
-719
-201
-294
-479
-615
-529
-336
-429
-629
-140
-138
-657
-278
-778
-739
-203
-532
-219
-497
-354
-161
-287
-657
-515
-487
-365
-551
-333
-625
-464
-580
-172
-289
-472
-297
-702
-510
-125
-552
-466
-214
-775
-354
-339
-657
-371
-575
-296
-250
-333
-171
-393
-545
-657
-261
-389
-118
-623
-650
-167
-130
-202
-550
-394
-556
-253
-174
-585
-148
-523
-571
-219
-681
-355
-317
-518
-693
-739
-162
-674
-218
-394
-238
-728
-635
-428
-671
-717
-381
-465
-220
-573
-476
-604
-521
-538
-573
-164
-678
-535
-683
-674
-474
-343
-597
-570
-554
-208
-261
-336
-773
-703
-521
-115
-731
-506
-351
-195
-484
-551
-160
-303
-722
-589
-447
-711
-700
-724
-605
-600
-113
-473
-627
-371
-637
-760
-716
-515
-447
-480
-511
-271
-417
-261
-475
-564
-230
-300
-723
-252
-642
-595
-598
-642
-135
-288
-534
-597
-307
-496
-171
-415
-711
-555
-217
-754
-533
-401
-367
-168
-180
-328
-178
-672
-140
-393
-735
-213
-108
696
106
-5
550
500
-20
852
518
436
474
-48
-107
68
516
937
749
899
96
364
429
847
872
-60
668
875
210
-89
215
300
284
202
20
866
568
650
671
220
67
204
220
637
340
182
557
490
887
467
649
803
164
627
801
258
423
843
699
685
221
272
894
163
672
252
868
229
397
421
-41
618
250
287
797
-54
932
73
489
650
250
988
642
794
718
120
716
433
407
999
202
995
929
166
583
733
932
551
449
397
67
40
827
-104
-89
281
556
599
880
994
540
7
398
89
314
264
649
304
803
460
496
795
845
432
949
10
245
500
412
545
664
222
378
308
554
718
215
678
499
-63
413
-3
267
270
856
686
787
561
444
22
459
556
729
691
443
606
847
255
284
206
498
-96
183
65
318
-24
690
253
29
323
336
607
810
246
171
237
559
182
288
311
268
940
915
242
883
807
-95
503
19
124
330
744
735
467
925
269
584
-26
192
947
76
344
919
454
698
615
973
40
694
463
279
39
550
452
68
279
122
965
868
577
-44
310
818
14
60
954
907
928
481
18
591
-38
495
277
1
899
577
644
883
-3
165
180
593
668
654
359
673
-70
301
-23
510
435
160
309
381
643
162
156
464
214
-42
379
78
-49
579
3
-42
318
668
690
850
-99
602
861
729
-41
631
96
900
160
552
83
720
42
77
765
94
774
780
402
433
49
713
139
137
248
368
877
326
385
819
737
-86
469
758
819
417
555
395
979
655
472
700
917
837
605
506
183
72
990
827
85
195
898
381
30
291
343
641
918
-23
551
96
676
126
287
-61
743
128
589
100
867
944
190
-84
835
171
860
746
594
62
649
106
402
596
227
664
711
-66
238
798
573
719
820
93
768
374
203
543
337
881
869
-12
-102
103
707
960
516
923
200
659
140
-70
-89
930
427
352
910
942
927
-92
887
671
116
120
989
515
37
367
516
-104
631
405
610
224
590
227
721
290
823
195
676
-96
224
321
660
13
579
138
243
-76
504
573
938
348
372
622
299
404
647
728
913
289
219
-62
809
653
491
665
330
582
-83
-12
454
1
1
-18
233
449
-15
647
564
111
316
478
57
142
938
717
444
434
361
252
860
739
64
764
227
822
601
297
815
249
334
206
439
437
384
18
632
794
382
176
-68
268
808
722
233
872
964
715
294
953
671
772
423
874
129
-31
659
570
41
125
715
379
18
907
-71
369
772
945
884
905
58
16
622
540
541
310
826
728
83
320
897
291
230
399
986
-27
700
400
837
132
29
111
548
-45
148
373
598
3
549
899
802
863
-5
820
56
22
