-992
-954
-889
-888
-861
-836
-813
-787
-770
-759
-757
-748
-692
-656
-654
-654
-629
-628
-569
-558
-515
-513
-499
-454
-441
-440
-414
786
468
436
234
424
558
-131
499
617
373
994
-115
68
-99
28
69
228
595
54
652
706
-172
870
664
29
803
658
921
510
-324
-386
-50
822
729
-364
743
-217
11
-182
-239
837
236
302
600
480
907
673
550
-360
971
-354
-258
385
-71
25
105
-104
246
98
-59
-249
-357
824
802
-300
818
-257
447
653
332
646
-148
341
