-977
-976
-950
-943
-941
-925
-863
-827
-826
-806
-779
-777
-765
-758
-726
-701
-697
-650
-627
-619
-604
-581
-532
-487
-467
-459
-438
-429
-427
-420
-400
-395
-389
-374
-255
-253
-247
-211
-179
-177
-173
-168
-165
-158
-139
-132
-131
-129
-116
-115
-70
-59
-55
-40
-26
-17
-4
-2
48
110
111
117
141
158
178
202
225
239
265
285
292
294
352
371
380
383
394
415
443
466
481
492
523
714
847
862
744
910
791
638
620
691
622
690
894
715
688
605
962
846
