-931
-919
-929
-912
-916
-926
-925
-909
-902
-820
-912
-905
-918
-913
-923
-875
-876
-864
-860
-726
-773
-840
-862
-905
-849
-723
-849
-846
-777
-831
-849
-648
-858
-641
-620
-791
-784
-816
-814
-682
-666
-670
-765
-624
-795
-811
-682
-817
-745
-740
-620
-552
-661
-701
-708
-782
-807
-448
-706
-814
-745
-848
-819
-560
-630
-694
-762
-310
-488
-530
-615
-764
-556
-5
-667
-681
-781
-704
45
-612
-434
-567
-512
-244
-650
-628
-650
-319
-573
-424
-790
-663
-762
-660
91
-515
-782
-419
-281
-319
-629
-433
-479
-295
-544
-615
-493
-178
-656
-501
-435
-115
-734
-433
-656
121
-321
-449
-617
-709
-700
-466
-367
-829
-21
-160
-134
-34
-367
-548
102
-382
-572
-192
-596
32
487
-112
-420
-351
-311
-609
518
-540
-463
-545
-354
167
218
258
-565
-35
-421
-660
-678
-702
199
104
349
-364
248
-239
-163
-125
-279
269
-218
-148
-132
-536
-429
-573
-400
-151
-629
-271
-51
-88
-508
79
138
-409
-625
-475
376
-732
-576
-275
-275
409
380
75
-494
-566
-244
-240
29
244
128
-42
-277
470
-451
-210
-77
-446
172
-15
103
-154
-343
-231
-105
-248
162
165
107
136
-388
-32
109
-302
-309
310
404
-691
-697
300
-224
-277
-14
260
411
-254
183
-349
852
182
-229
-626
490
-428
-247
-315
-329
-223
-300
-320
-427
182
994
393
702
894
668
477
81
-28
-230
258
725
932
527
63
994
388
-330
-190
-163
-238
239
51
826
800
872
639
816
108
600
295
720
-86
-106
445
-496
525
741
837
382
-18
150
875
64
-210
-295
252
293
394
610
535
910
361
657
172
736
-161
733
760
63
30
-504
-574
197
291
391
687
258
976
404
356
803
411
831
537
495
116
883
899
-35
997
874
858
873
851
252
437
603
821
-111
-409
117
727
883
471
893
577
712
979
561
409
792
382
391
468
801
121
675
-323
-465
495
590
658
991
543
687
-406
-602
20
254
645
911
-354
40
552
-226
935
495
325
136
704
720
845
792
724
800
78
975
743
229
834
742
-196
10
783
370
898
550
703
140
909
106
-193
660
966
627
156
-253
423
20
741
956
-425
968
809
301
440
851
872
927
80
505
441
679
546
-154
174
952
952
-41
642
446
407
250
774
610
478
967
121
-133
329
751
718
694
169
176
27
466
615
345
671
861
571
160
-213
834
526
651
648
-3
268
-147
127
325
572
973
736
619
80
429
826
610
273
109
939
957
478
911
180
358
-264
703
791
891
502
-219
418
61
