-972
-968
-968
-934
-944
-968
-952
-879
-904
-925
-870
-942
-946
-924
-942
-842
-863
-860
-807
-922
-775
-862
-646
-741
-901
-922
-868
-915
-883
-906
-802
-518
-674
-685
-851
-858
-853
-770
-801
-585
-867
-410
-412
-835
-767
-622
-590
-594
-571
-851
-899
-843
-878
-855
-798
-873
-364
-824
-777
-855
-845
-333
-685
-438
-481
-643
-480
-365
-569
43
-679
-815
-487
-547
-811
-638
-405
-469
-708
-504
-515
-403
-846
-394
-372
-380
-259
-781
-705
-679
-572
-134
-603
-218
-360
-307
70
-563
-563
-363
-491
-723
-757
-825
-823
23
-622
-707
-829
-612
-697
-608
-677
-203
-333
-515
-695
-486
-747
-530
-631
-620
-772
-329
-330
-190
-607
-197
-385
579
483
202
247
-448
434
-112
142
-450
-270
387
259
296
-201
-768
-153
255
-27
465
-283
-215
-305
-344
-321
-42
549
-404
-231
557
-476
-14
-366
351
-390
-309
-340
-726
-715
-344
635
93
-169
131
178
593
-13
-639
-560
-557
615
104
-234
-546
-511
650
496
300
-475
-112
130
148
-345
220
-292
101
418
-405
-293
-183
-497
139
-197
-256
271
-324
-320
-646
-491
-751
-618
-815
-694
760
374
-81
98
61
-609
-17
-454
131
-78
-639
110
-306
-286
-655
-486
44
870
25
386
-328
-353
-191
-395
-84
-195
-277
-636
-487
77
-546
652
-459
-378
-723
-698
-317
135
-222
282
24
-33
992
55
456
588
262
-141
600
691
955
779
888
314
915
441
987
347
788
939
311
886
435
364
647
137
279
296
627
620
354
512
387
309
6
-170
899
259
890
364
257
976
389
534
804
928
-179
128
647
655
614
-29
-187
859
272
714
934
771
700
751
85
-1
709
454
665
919
-219
762
179
105
956
-158
805
800
804
19
-43
-58
752
330
-575
664
378
-481
140
474
983
861
860
229
762
233
835
290
569
184
968
760
881
665
154
757
730
-455
-469
-303
799
992
818
241
482
967
384
-62
-202
433
681
996
545
532
644
405
-95
938
734
816
322
496
615
295
412
713
354
892
-163
497
138
532
813
777
395
557
362
197
-82
257
-75
325
632
959
696
948
480
-9
313
724
-34
170
999
187
-439
-451
990
575
128
-580
346
122
415
266
473
-122
892
853
942
626
702
580
879
129
355
809
818
-508
-14
171
951
-341
169
660
451
157
205
-372
953
596
-201
883
-276
353
653
-355
-237
-56
891
890
883
986
216
141
903
844
584
-256
-1
793
611
277
886
-267
869
214
49
676
502
449
892
-421
-412
870
91
912
329
274
775
810
209
806
674
-194
541
-546
684
666
