-1000
-1000
-1000
-988
-978
-977
-971
-957
-955
-954
-950
-945
-943
-942
-938
-937
-935
-934
-934
-933
-930
-926
-924
-922
-921
-913
-913
-905
-904
-903
-903
-902
-901
-899
-898
-898
-895
-894
-891
-887
-887
-884
-879
-877
-877
-875
-874
-874
-874
-869
-867
-865
-862
-861
-861
-853
-849
-844
-841
-838
-835
-834
-833
-833
-833
-832
-831
-829
-828
-827
-823
-818
-818
-818
-813
-812
-803
-797
-794
-793
-791
-789
-788
-783
-783
-780
-778
-778
-774
-772
-772
-772
-770
-765
-763
-762
-757
-751
-750
-746
-746
-743
-743
-736
-733
-731
-725
-724
-722
-716
-712
-711
-709
-708
-705
-704
-704
-703
-700
-699
-694
-690
-688
-685
-685
-677
-676
-674
-671
-668
-667
-662
-654
-650
-649
-648
-646
-644
-642
-641
-632
-631
-630
-628
-625
-623
-622
-621
-621
-616
-612
-611
-610
-610
-609
-608
-606
-606
-605
-602
-601
-597
-589
-589
-587
-583
-582
-581
-579
-575
-573
-573
-568
-568
-567
-567
-567
-567
-567
-562
-561
-559
-557
-557
-554
-553
-552
-551
-550
-547
-546
-544
-544
-543
-543
-542
-541
-541
-540
-539
-539
-538
-534
-531
-531
-523
-523
-522
-520
-520
-514
-513
-511
-510
-510
-504
-504
-503
-501
-497
-493
-493
-491
-490
-490
-489
-488
-483
-477
-477
-476
-475
-474
-472
-471
-471
-470
-469
-468
-465
-464
-462
-462
-460
-454
-452
-451
-450
-450
-447
-445
-443
-439
-439
-438
-436
-433
-430
-429
-425
-425
-425
-424
-419
-415
-410
-408
-407
-407
-403
-396
-395
-394
-390
-388
-387
-386
-385
-385
-383
-382
-375
-372
-371
-371
-370
-365
-364
-363
-362
-362
-361
-358
-355
-354
-353
-353
-351
-344
-338
-336
-336
-335
-335
-334
-332
-328
-325
-325
-325
-318
-316
-315
-310
-310
-309
-301
-299
-297
-294
-293
-287
-284
-283
-281
-275
-274
-263
-259
-256
-249
-248
-248
-246
-245
-239
-239
-238
-236
-234
-232
-229
-227
-225
-222
-218
-216
-208
-207
-205
-199
-199
-192
-189
-182
-180
-176
-174
-173
-172
-165
-154
-151
-150
-147
-144
-143
-141
-141
-140
-133
-132
-125
-124
-123
-122
-121
-118
-117
-114
-111
-105
-104
-103
-102
-102
-96
-95
-93
-92
-91
-89
-89
-88
-87
-84
-80
-79
-76
-75
-75
-70
-68
-65
-63
-60
-54
-52
-50
-49
-46
-41
-35
-26
-25
-25
-22
-15
-15
-11
-7
-1
0
1
5
7
10
12
14
21
24
25
30
32
32
33
35
36
37
37
41
46
46
48
53
54
61
64
72
74
75
77
81
87
88
90
91
93
94
103
104
107
109
110
113
114
115
117
118
119
121
122
123
125
128
128
134
135
136
136
138
139
141
141
144
146
151
154
156
160
163
164
167
170
173
179
185
190
191
192
195
197
202
203
203
206
207
210
211
219
223
226
229
231
234
235
236
240
241
242
247
249
255
255
257
257
259
262
262
268
272
273
276
283
285
291
293
293
294
296
297
303
306
308
309
312
314
318
320
322
322
324
328
328
329
331
334
335
335
336
338
340
346
350
353
354
356
358
363
370
372
373
374
378
382
385
386
387
388
390
398
407
408
410
414
414
417
417
418
421
422
426
428
428
432
433
436
441
446
449
450
458
461
462
466
467
468
473
475
477
479
486
493
495
499
500
502
509
511
521
522
522
522
528
529
529
533
535
538
538
540
541
541
541
542
542
555
563
564
566
568
568
571
578
582
584
585
591
603
608
611
616
617
619
624
627
630
630
631
632
641
643
645
647
648
661
661
664
666
666
666
668
668
668
668
671
672
674
680
687
688
689
692
694
695
695
696
698
698
704
704
710
711
720
722
723
724
728
729
730
733
736
746
746
750
750
751
758
760
763
763
768
770
770
772
776
776
776
777
778
780
781
786
787
788
788
791
791
793
799
801
810
812
812
815
816
818
822
823
824
824
827
827
832
833
838
838
839
846
852
865
863
864
863
870
897
924
903
888
906
911
917
888
926
893
901
924
879
896
901
914
874
907
927
960
935
954
946
954
930
929
959
959
959
947
942
969
991
970
980
997
970
996
998
976
979
984
992
994
971
