-1000
-990
-990
-989
-988
-986
-985
-984
-983
-979
-969
-967
-965
-960
-958
-950
-950
-947
-946
-945
-940
-939
-930
-929
-929
-926
-922
-920
-920
-917
-916
-915
-915
-914
-913
-912
-911
-910
-908
-905
-903
-903
-899
-898
-895
-887
-886
-886
-886
-884
-881
-881
-880
-878
-878
-878
-876
-875
-875
-869
-868
-865
-863
-863
-858
-852
-849
-844
-842
-839
-836
-833
-823
-821
-819
-819
-816
-816
-813
-813
-812
-812
-811
-811
-809
-804
-799
-794
-790
-788
-780
-776
-775
-772
-772
-772
-770
-767
-763
-763
-754
-752
-750
-744
-743
-743
-743
-738
-735
-733
-733
-730
-722
-715
-714
-713
-707
-706
-703
-703
-701
-701
-699
-697
-696
-695
-694
-692
-688
-687
-685
-678
-675
-674
-674
-673
-673
-671
-670
-669
-669
-666
-666
-665
-662
-657
-650
-649
-639
-639
-637
-636
-631
-628
-624
-623
-617
-614
-613
-613
-613
-609
-607
-605
-597
-593
-592
-592
-591
-590
-590
-587
-586
-581
-577
-576
-574
-573
-563
-561
-560
-558
-556
-555
-551
-550
-547
-545
-545
-542
-541
-541
-535
-533
-532
-529
-526
-520
-519
-516
-515
-515
-506
-505
-503
-500
-498
-498
-496
-495
-492
-490
-488
-474
-470
-470
-463
-458
-451
-450
-450
-449
-448
-444
-441
-439
-439
-438
-436
-433
-432
-423
-421
-417
-415
-415
-412
-411
-408
-403
-398
-397
-396
-396
-385
-382
-379
-376
-373
-371
-369
-358
-356
-353
-349
-346
-345
-342
-342
-340
-338
-337
-332
-331
-326
-325
-324
-323
-323
-323
-320
-320
-318
-314
-313
-309
-304
-304
-301
-299
-297
-292
-288
-287
-286
-286
-284
-281
-280
-280
-280
-279
-279
-271
-269
-267
-261
-261
-260
-255
-253
-252
-249
-248
-241
-241
-235
-234
-232
-232
-232
-231
-229
-229
-229
-228
-221
-220
-216
-214
-208
-207
-207
-204
-203
-202
-195
-192
-191
-191
-187
-186
-182
-178
-177
-172
-171
-171
-170
-168
-158
-157
-156
-150
-148
-145
-142
-140
-138
-137
-129
-126
-125
-125
-122
-112
-112
-112
-112
-106
-105
-104
-101
-101
-98
-97
-93
-92
-90
-89
-87
-84
-82
-79
-79
-78
-77
-74
-73
-72
-62
-61
-61
-59
-55
-54
-53
-53
-50
-47
-47
-45
-44
-41
-41
-39
-36
-35
-33
-32
-32
-31
-23
-18
-16
-13
-12
-8
-6
0
5
8
10
11
12
13
13
14
15
15
16
17
33
34
35
38
44
44
48
50
50
51
57
58
60
60
60
62
62
69
72
72
72
75
75
76
79
80
81
82
83
86
87
90
90
93
94
101
105
105
108
111
114
114
117
126
132
133
134
134
135
137
138
145
146
152
155
156
162
162
163
164
164
166
168
168
170
173
175
177
179
180
188
190
191
195
197
204
205
206
209
210
215
229
229
231
232
232
233
233
234
237
237
238
238
238
241
247
257
260
263
266
268
269
270
273
276
285
287
290
291
292
293
294
296
301
302
305
305
307
312
312
334
338
340
340
341
343
345
347
350
351
351
352
352
353
354
357
357
359
361
362
375
377
379
390
392
405
406
406
408
414
417
423
425
431
435
439
439
442
442
448
449
450
456
458
461
467
472
478
482
490
491
491
493
494
494
501
501
501
502
505
508
511
513
519
519
520
528
529
530
531
535
535
538
548
551
551
554
555
558
560
561
562
567
569
575
575
576
580
584
586
589
592
595
597
598
601
602
607
610
616
618
620
622
623
624
630
635
636
640
643
645
647
650
650
651
658
659
666
668
672
677
680
680
681
682
684
694
695
699
700
703
705
707
708
709
721
728
732
734
740
742
742
743
746
748
754
755
756
758
758
759
762
767
768
769
773
778
779
783
785
788
789
792
798
801
806
806
807
809
809
811
812
813
816
817
819
819
821
823
828
829
830
831
832
832
834
834
835
835
843
844
847
849
851
852
855
856
858
861
862
867
869
960
894
916
872
875
878
956
920
909
919
975
890
908
925
950
889
881
908
963
870
944
921
995
962
922
963
950
913
883
986
949
999
929
893
968
948
927
881
955
972
873
881
954
990
908
939
952
986
972
978
988
893
906
989
891
893
