-999
-999
-994
-991
-988
-987
-986
-986
-985
-984
-984
-976
-973
-972
-964
-964
-964
-962
-962
-960
-958
-957
-955
-955
-954
-954
-951
-949
-949
-946
-946
-943
-941
-938
-936
-934
-933
-932
-931
-924
-922
-921
-919
-919
-918
-910
-909
-906
-905
-904
-904
-904
-903
-903
-903
-901
-901
-899
-899
-898
-894
-893
-889
-889
-888
-888
-886
-882
-880
-880
-879
-874
-874
-870
-868
-866
-863
-863
-861
-861
-860
-859
-858
-857
-857
-856
-856
-856
-854
-853
-852
-847
-843
-841
-841
-838
-838
-833
-832
-830
-829
-825
-823
-821
-819
-819
-817
-813
-811
-809
-807
-806
-802
-801
-794
-793
-790
-790
-780
-777
-776
-775
-771
-768
-767
-767
-765
-764
-763
-762
-762
-760
-760
-758
-755
-753
-743
-741
-739
-739
-737
-737
-734
-732
-728
-727
-727
-727
-726
-725
-717
-716
-716
-710
-709
-706
-701
-700
-697
-694
-694
-691
-690
-687
-686
-683
-681
-677
-675
-669
-665
-664
-663
-663
-663
-661
-660
-660
-657
-655
-651
-650
-650
-648
-647
-643
-637
-634
-629
-628
-625
-624
-620
-619
-619
-614
-613
-611
-608
-601
-601
-599
-594
-589
-587
-586
-583
-581
-580
-577
-572
-571
-565
-563
-563
-561
-561
-561
-560
-560
-558
-556
-551
-544
-544
-544
-544
-544
-544
-543
-541
-541
-540
-533
-529
-525
-522
-517
-517
-515
-514
-511
-510
-503
-501
-499
-498
-496
-494
-493
-489
-489
-486
-478
-477
-471
-468
-465
-464
-464
-462
-460
-453
-450
-449
-448
-438
-436
-433
-432
-427
-427
-427
-424
-423
-422
-419
-415
-415
-412
-412
-412
-411
-411
-411
-408
-407
-404
-404
-403
-400
-400
-399
-395
-393
-393
-392
-392
-391
-391
-387
-387
-385
-384
-383
-383
-382
-379
-378
-377
-370
-369
-368
-368
-366
-363
-362
-360
-358
-356
-353
-352
-348
-347
-347
-345
-340
-339
-339
-339
-333
-328
-328
-328
-325
-323
-320
-319
-316
-315
-315
-315
-314
-313
-311
-307
-306
-306
-306
-304
-298
-298
-298
-297
-296
-294
-292
-291
-287
-285
-283
-283
-283
-282
-280
-278
-278
-276
-276
-273
-268
-268
-267
-266
-265
-264
-260
-257
-256
-250
-248
-248
-247
-240
-238
-237
-225
-224
-223
-222
-222
-215
-215
-215
-214
-211
-211
-204
-204
-203
-203
-202
-202
-200
-200
-200
-199
-196
-196
-192
-192
-190
-189
-189
-188
-187
-179
-178
-178
-172
-170
-168
-161
-160
-158
-155
-153
-149
-147
-146
-142
-142
-142
-132
-132
-131
-130
-128
-128
-128
-128
-122
-122
-122
-122
-118
-116
-115
-114
-113
-113
-112
-110
-109
-107
-106
-106
-102
-101
-97
-95
-94
-93
-92
-92
-88
-87
-83
-82
-81
-81
-80
-78
-77
-76
-72
-71
-70
-69
-67
-66
-60
-55
-54
-53
-49
-48
-48
-47
-46
-46
-41
-39
-38
-33
-26
-23
-21
-20
-13
-13
-11
-9
-6
-2
6
7
8
8
9
12
12
14
15
16
16
20
21
21
24
28
29
29
30
31
32
34
34
37
37
38
38
41
46
47
47
48
49
50
53
53
57
57
59
59
62
63
64
68
69
70
71
74
75
76
77
78
79
79
81
83
86
90
90
96
99
101
102
107
109
109
115
115
116
117
120
121
122
125
125
128
128
130
131
133
137
138
140
140
147
151
151
152
154
158
158
160
162
165
165
166
166
170
173
176
177
179
183
185
186
186
190
191
193
193
195
197
204
205
213
218
219
219
221
224
224
228
229
230
232
233
235
240
242
242
242
242
246
248
251
254
254
256
265
269
270
271
272
272
273
273
275
276
277
279
280
280
281
281
282
283
283
283
286
288
289
289
291
295
296
296
297
306
306
308
309
311
315
317
319
321
324
324
324
325
325
327
327
328
331
332
335
800
999
408
516
371
463
622
910
364
850
336
493
697
357
967
726
570
860
536
558
339
494
338
508
898
438
546
665
817
782
600
483
417
619
952
583
625
593
638
706
789
756
631
607
999
703
923
633
449
854
623
689
391
364
692
475
338
499
753
753
577
601
543
900
957
553
350
444
841
456
864
817
365
518
428
957
647
670
640
710
361
337
748
943
862
569
930
489
863
971
803
723
575
388
655
653
615
688
967
945
875
403
585
390
345
925
720
800
966
433
568
845
920
914
678
445
877
951
560
531
676
564
575
876
885
850
892
952
643
808
444
443
775
497
421
745
462
475
998
833
636
986
529
811
336
889
356
676
914
491
354
507
591
450
617
703
783
752
905
617
921
440
663
943
418
928
528
668
530
985
402
999
468
521
588
815
850
780
483
367
898
806
522
397
390
366
963
446
337
631
930
949
783
872
442
381
911
424
600
823
429
407
437
450
858
753
984
652
353
676
633
566
943
520
339
383
869
619
758
729
533
728
947
796
346
645
465
440
363
457
737
981
978
978
348
605
656
503
762
550
428
547
414
692
884
346
976
601
884
442
679
897
617
750
633
791
359
616
598
863
904
634
559
607
561
981
985
469
682
693
619
669
368
863
696
434
661
653
590
544
539
828
633
966
869
423
346
567
591
600
750
857
579
515
653
595
786
587
860
573
353
448
737
760
808
917
372
648
