one
one
over
one
over


-5 -4 2 3 6 -1 

1       -6      -3      -2      4       5
1       2       3       6       4       5

1       2       3       6       4       5
-5      -2      4       3       6       -1
1       -6      -3      -4      2       5

1       -6      -3      -4      2       5
-5      -4      -3      -2      6       -1
1       -6      2       3       4       5

1       -6      2       3       4       5
-5      -3      -2      4       6       -1
1       -6      -4      2       3       5

1       -6      -4      2       3       5
-6      -3      -2      4       5       -1
1       -5      -4      2       3       6

1       -5      -4      2       3       6
-5      -4      2       3       1       -6
-1      -3      -2      4       5       -6

over